2024/05/01 20:39:25 [notice] 1#1: using the "epoll" event method
2024/05/01 20:39:25 [notice] 1#1: nginx/1.25.4
2024/05/01 20:39:25 [notice] 1#1: built by gcc 12.2.0 (Debian 12.2.0-14) 
2024/05/01 20:39:25 [notice] 1#1: OS: Linux 6.5.11-linuxkit
2024/05/01 20:39:25 [notice] 1#1: getrlimit(RLIMIT_NOFILE): 1048576:1048576
2024/05/01 20:39:25 [notice] 1#1: start worker processes
2024/05/01 20:39:25 [notice] 1#1: start worker process 20
2024/05/01 20:39:25 [notice] 1#1: start worker process 21
2024/05/01 20:39:25 [notice] 1#1: start worker process 22
2024/05/01 20:39:25 [notice] 1#1: start worker process 23
2024/05/01 20:39:25 [notice] 1#1: start worker process 24
2024/05/01 20:39:25 [notice] 1#1: start worker process 25
2024/05/01 20:39:25 [notice] 1#1: start worker process 26
2024/05/01 20:39:25 [notice] 1#1: start worker process 27
2024/05/01 22:34:31 [notice] 1#1: signal 3 (SIGQUIT) received, shutting down
2024/05/01 22:34:31 [notice] 22#22: gracefully shutting down
2024/05/01 22:34:31 [notice] 27#27: gracefully shutting down
2024/05/01 22:34:31 [notice] 20#20: gracefully shutting down
2024/05/01 22:34:31 [notice] 21#21: gracefully shutting down
2024/05/01 22:34:31 [notice] 23#23: gracefully shutting down
2024/05/01 22:34:31 [notice] 26#26: gracefully shutting down
2024/05/01 22:34:31 [notice] 25#25: gracefully shutting down
2024/05/01 22:34:31 [notice] 24#24: gracefully shutting down
2024/05/01 22:34:31 [notice] 27#27: exiting
2024/05/01 22:34:31 [notice] 26#26: exiting
2024/05/01 22:34:31 [notice] 22#22: exiting
2024/05/01 22:34:31 [notice] 22#22: exit
2024/05/01 22:34:31 [notice] 27#27: exit
2024/05/01 22:34:31 [notice] 23#23: exiting
2024/05/01 22:34:31 [notice] 25#25: exiting
2024/05/01 22:34:31 [notice] 26#26: exit
2024/05/01 22:34:31 [notice] 23#23: exit
2024/05/01 22:34:31 [notice] 20#20: exiting
2024/05/01 22:34:31 [notice] 25#25: exit
2024/05/01 22:34:31 [notice] 20#20: exit
2024/05/01 22:34:31 [notice] 21#21: exiting
2024/05/01 22:34:31 [notice] 24#24: exiting
2024/05/01 22:34:31 [notice] 21#21: exit
2024/05/01 22:34:31 [notice] 24#24: exit
2024/05/01 22:34:31 [notice] 1#1: signal 17 (SIGCHLD) received from 21
2024/05/01 22:34:31 [notice] 1#1: worker process 21 exited with code 0
2024/05/01 22:34:31 [notice] 1#1: worker process 25 exited with code 0
2024/05/01 22:34:31 [notice] 1#1: signal 29 (SIGIO) received
2024/05/01 22:34:31 [notice] 1#1: signal 17 (SIGCHLD) received from 23
2024/05/01 22:34:31 [notice] 1#1: worker process 23 exited with code 0
2024/05/01 22:34:31 [notice] 1#1: worker process 26 exited with code 0
2024/05/01 22:34:31 [notice] 1#1: signal 29 (SIGIO) received
2024/05/01 22:34:31 [notice] 1#1: signal 17 (SIGCHLD) received from 26
2024/05/01 22:34:31 [notice] 1#1: signal 17 (SIGCHLD) received from 22
2024/05/01 22:34:31 [notice] 1#1: worker process 20 exited with code 0
2024/05/01 22:34:31 [notice] 1#1: worker process 22 exited with code 0
2024/05/01 22:34:31 [notice] 1#1: worker process 24 exited with code 0
2024/05/01 22:34:31 [notice] 1#1: worker process 27 exited with code 0
2024/05/01 22:34:31 [notice] 1#1: exit
2024/05/01 22:34:40 [emerg] 1#1: "try_files" directive is duplicate in /etc/nginx/conf.d/defailt.conf:19
2024/05/01 22:35:02 [emerg] 1#1: "try_files" directive is duplicate in /etc/nginx/conf.d/defailt.conf:19
2024/05/01 22:35:21 [notice] 1#1: using the "epoll" event method
2024/05/01 22:35:21 [notice] 1#1: nginx/1.25.4
2024/05/01 22:35:21 [notice] 1#1: built by gcc 12.2.0 (Debian 12.2.0-14) 
2024/05/01 22:35:21 [notice] 1#1: OS: Linux 6.5.11-linuxkit
2024/05/01 22:35:21 [notice] 1#1: getrlimit(RLIMIT_NOFILE): 1048576:1048576
2024/05/01 22:35:21 [notice] 1#1: start worker processes
2024/05/01 22:35:21 [notice] 1#1: start worker process 20
2024/05/01 22:35:21 [notice] 1#1: start worker process 21
2024/05/01 22:35:21 [notice] 1#1: start worker process 22
2024/05/01 22:35:21 [notice] 1#1: start worker process 23
2024/05/01 22:35:21 [notice] 1#1: start worker process 24
2024/05/01 22:35:21 [notice] 1#1: start worker process 25
2024/05/01 22:35:21 [notice] 1#1: start worker process 26
2024/05/01 22:35:21 [notice] 1#1: start worker process 27
2024/05/01 22:48:28 [notice] 1#1: signal 3 (SIGQUIT) received, shutting down
2024/05/01 22:48:28 [notice] 20#20: gracefully shutting down
2024/05/01 22:48:28 [notice] 23#23: gracefully shutting down
2024/05/01 22:48:28 [notice] 26#26: gracefully shutting down
2024/05/01 22:48:28 [notice] 23#23: exiting
2024/05/01 22:48:28 [notice] 22#22: gracefully shutting down
2024/05/01 22:48:28 [notice] 21#21: gracefully shutting down
2024/05/01 22:48:28 [notice] 27#27: gracefully shutting down
2024/05/01 22:48:28 [notice] 24#24: gracefully shutting down
2024/05/01 22:48:28 [notice] 25#25: gracefully shutting down
2024/05/01 22:48:28 [notice] 20#20: exiting
2024/05/01 22:48:28 [notice] 27#27: exiting
2024/05/01 22:48:28 [notice] 26#26: exiting
2024/05/01 22:48:28 [notice] 23#23: exit
2024/05/01 22:48:28 [notice] 26#26: exit
2024/05/01 22:48:28 [notice] 22#22: exiting
2024/05/01 22:48:28 [notice] 21#21: exiting
2024/05/01 22:48:28 [notice] 24#24: exiting
2024/05/01 22:48:28 [notice] 25#25: exiting
2024/05/01 22:48:28 [notice] 27#27: exit
2024/05/01 22:48:28 [notice] 22#22: exit
2024/05/01 22:48:28 [notice] 20#20: exit
2024/05/01 22:48:28 [notice] 25#25: exit
2024/05/01 22:48:28 [notice] 21#21: exit
2024/05/01 22:48:28 [notice] 24#24: exit
2024/05/01 22:48:28 [notice] 1#1: signal 17 (SIGCHLD) received from 22
2024/05/01 22:48:28 [notice] 1#1: worker process 22 exited with code 0
2024/05/01 22:48:28 [notice] 1#1: signal 29 (SIGIO) received
2024/05/01 22:48:28 [notice] 1#1: signal 17 (SIGCHLD) received from 27
2024/05/01 22:48:28 [notice] 1#1: worker process 27 exited with code 0
2024/05/01 22:48:28 [notice] 1#1: signal 29 (SIGIO) received
2024/05/01 22:48:28 [notice] 1#1: signal 17 (SIGCHLD) received from 20
2024/05/01 22:48:28 [notice] 1#1: worker process 20 exited with code 0
2024/05/01 22:48:28 [notice] 1#1: worker process 24 exited with code 0
2024/05/01 22:48:28 [notice] 1#1: signal 29 (SIGIO) received
2024/05/01 22:48:28 [notice] 1#1: signal 17 (SIGCHLD) received from 24
2024/05/01 22:48:28 [notice] 1#1: signal 17 (SIGCHLD) received from 26
2024/05/01 22:48:28 [notice] 1#1: worker process 21 exited with code 0
2024/05/01 22:48:28 [notice] 1#1: worker process 23 exited with code 0
2024/05/01 22:48:28 [notice] 1#1: worker process 25 exited with code 0
2024/05/01 22:48:28 [notice] 1#1: worker process 26 exited with code 0
2024/05/01 22:48:28 [notice] 1#1: exit
2024/05/01 22:48:40 [notice] 1#1: using the "epoll" event method
2024/05/01 22:48:40 [notice] 1#1: nginx/1.25.4
2024/05/01 22:48:40 [notice] 1#1: built by gcc 12.2.0 (Debian 12.2.0-14) 
2024/05/01 22:48:40 [notice] 1#1: OS: Linux 6.5.11-linuxkit
2024/05/01 22:48:40 [notice] 1#1: getrlimit(RLIMIT_NOFILE): 1048576:1048576
2024/05/01 22:48:40 [notice] 1#1: start worker processes
2024/05/01 22:48:40 [notice] 1#1: start worker process 21
2024/05/01 22:48:40 [notice] 1#1: start worker process 22
2024/05/01 22:48:40 [notice] 1#1: start worker process 23
2024/05/01 22:48:40 [notice] 1#1: start worker process 24
2024/05/01 22:48:40 [notice] 1#1: start worker process 25
2024/05/01 22:48:40 [notice] 1#1: start worker process 26
2024/05/01 22:48:40 [notice] 1#1: start worker process 27
2024/05/01 22:48:40 [notice] 1#1: start worker process 28
2024/05/04 20:20:28 [notice] 1#1: signal 3 (SIGQUIT) received, shutting down
2024/05/04 20:20:28 [notice] 21#21: gracefully shutting down
2024/05/04 20:20:28 [notice] 26#26: gracefully shutting down
2024/05/04 20:20:28 [notice] 27#27: gracefully shutting down
2024/05/04 20:20:28 [notice] 28#28: gracefully shutting down
2024/05/04 20:20:28 [notice] 23#23: gracefully shutting down
2024/05/04 20:20:28 [notice] 22#22: gracefully shutting down
2024/05/04 20:20:28 [notice] 24#24: gracefully shutting down
2024/05/04 20:20:28 [notice] 25#25: gracefully shutting down
2024/05/04 20:20:28 [notice] 26#26: exiting
2024/05/04 20:20:28 [notice] 21#21: exiting
2024/05/04 20:20:28 [notice] 27#27: exiting
2024/05/04 20:20:28 [notice] 28#28: exiting
2024/05/04 20:20:28 [notice] 27#27: exit
2024/05/04 20:20:28 [notice] 21#21: exit
2024/05/04 20:20:28 [notice] 26#26: exit
2024/05/04 20:20:28 [notice] 22#22: exiting
2024/05/04 20:20:28 [notice] 28#28: exit
2024/05/04 20:20:28 [notice] 23#23: exiting
2024/05/04 20:20:28 [notice] 25#25: exiting
2024/05/04 20:20:28 [notice] 24#24: exiting
2024/05/04 20:20:28 [notice] 22#22: exit
2024/05/04 20:20:28 [notice] 24#24: exit
2024/05/04 20:20:28 [notice] 23#23: exit
2024/05/04 20:20:28 [notice] 25#25: exit
2024/05/04 20:20:28 [notice] 1#1: signal 17 (SIGCHLD) received from 28
2024/05/04 20:20:28 [notice] 1#1: worker process 28 exited with code 0
2024/05/04 20:20:28 [notice] 1#1: signal 29 (SIGIO) received
2024/05/04 20:20:28 [notice] 1#1: signal 17 (SIGCHLD) received from 22
2024/05/04 20:20:28 [notice] 1#1: worker process 22 exited with code 0
2024/05/04 20:20:28 [notice] 1#1: signal 29 (SIGIO) received
2024/05/04 20:20:28 [notice] 1#1: signal 17 (SIGCHLD) received from 26
2024/05/04 20:20:28 [notice] 1#1: worker process 25 exited with code 0
2024/05/04 20:20:28 [notice] 1#1: worker process 26 exited with code 0
2024/05/04 20:20:28 [notice] 1#1: signal 29 (SIGIO) received
2024/05/04 20:20:28 [notice] 1#1: signal 17 (SIGCHLD) received from 25
2024/05/04 20:20:28 [notice] 1#1: signal 17 (SIGCHLD) received from 21
2024/05/04 20:20:28 [notice] 1#1: worker process 21 exited with code 0
2024/05/04 20:20:28 [notice] 1#1: signal 29 (SIGIO) received
2024/05/04 20:20:28 [notice] 1#1: signal 17 (SIGCHLD) received from 23
2024/05/04 20:20:28 [notice] 1#1: worker process 23 exited with code 0
2024/05/04 20:20:28 [notice] 1#1: signal 29 (SIGIO) received
2024/05/04 20:20:28 [notice] 1#1: signal 17 (SIGCHLD) received from 24
2024/05/04 20:20:28 [notice] 1#1: worker process 24 exited with code 0
2024/05/04 20:20:28 [notice] 1#1: signal 17 (SIGCHLD) received from 27
2024/05/04 20:20:28 [notice] 1#1: worker process 27 exited with code 0
2024/05/04 20:20:28 [notice] 1#1: exit
2024/05/04 20:20:41 [notice] 1#1: using the "epoll" event method
2024/05/04 20:20:41 [notice] 1#1: nginx/1.25.4
2024/05/04 20:20:41 [notice] 1#1: built by gcc 12.2.0 (Debian 12.2.0-14) 
2024/05/04 20:20:41 [notice] 1#1: OS: Linux 6.5.11-linuxkit
2024/05/04 20:20:41 [notice] 1#1: getrlimit(RLIMIT_NOFILE): 1048576:1048576
2024/05/04 20:20:41 [notice] 1#1: start worker processes
2024/05/04 20:20:41 [notice] 1#1: start worker process 20
2024/05/04 20:20:41 [notice] 1#1: start worker process 21
2024/05/04 20:20:41 [notice] 1#1: start worker process 22
2024/05/04 20:20:41 [notice] 1#1: start worker process 23
2024/05/04 20:20:41 [notice] 1#1: start worker process 24
2024/05/04 20:20:41 [notice] 1#1: start worker process 25
2024/05/04 20:20:41 [notice] 1#1: start worker process 26
2024/05/04 20:20:41 [notice] 1#1: start worker process 27
2024/05/11 11:17:23 [notice] 1#1: signal 3 (SIGQUIT) received, shutting down
2024/05/11 11:17:23 [notice] 23#23: gracefully shutting down
2024/05/11 11:17:23 [notice] 22#22: gracefully shutting down
2024/05/11 11:17:23 [notice] 21#21: gracefully shutting down
2024/05/11 11:17:23 [notice] 27#27: gracefully shutting down
2024/05/11 11:17:23 [notice] 20#20: gracefully shutting down
2024/05/11 11:17:23 [notice] 24#24: gracefully shutting down
2024/05/11 11:17:23 [notice] 26#26: gracefully shutting down
2024/05/11 11:17:23 [notice] 25#25: gracefully shutting down
2024/05/11 11:17:23 [notice] 21#21: exiting
2024/05/11 11:17:23 [notice] 24#24: exiting
2024/05/11 11:17:23 [notice] 22#22: exiting
2024/05/11 11:17:23 [notice] 27#27: exiting
2024/05/11 11:17:23 [notice] 20#20: exiting
2024/05/11 11:17:23 [notice] 23#23: exiting
2024/05/11 11:17:23 [notice] 25#25: exiting
2024/05/11 11:17:23 [notice] 26#26: exiting
2024/05/11 11:17:23 [notice] 23#23: exit
2024/05/11 11:17:23 [notice] 24#24: exit
2024/05/11 11:17:23 [notice] 21#21: exit
2024/05/11 11:17:23 [notice] 26#26: exit
2024/05/11 11:17:23 [notice] 27#27: exit
2024/05/11 11:17:23 [notice] 20#20: exit
2024/05/11 11:17:23 [notice] 22#22: exit
2024/05/11 11:17:23 [notice] 25#25: exit
2024/05/11 11:17:23 [notice] 1#1: signal 17 (SIGCHLD) received from 22
2024/05/11 11:17:23 [notice] 1#1: worker process 22 exited with code 0
2024/05/11 11:17:23 [notice] 1#1: signal 29 (SIGIO) received
2024/05/11 11:17:23 [notice] 1#1: signal 17 (SIGCHLD) received from 20
2024/05/11 11:17:23 [notice] 1#1: worker process 20 exited with code 0
2024/05/11 11:17:23 [notice] 1#1: signal 29 (SIGIO) received
2024/05/11 11:17:23 [notice] 1#1: signal 17 (SIGCHLD) received from 25
2024/05/11 11:17:23 [notice] 1#1: worker process 21 exited with code 0
2024/05/11 11:17:23 [notice] 1#1: worker process 24 exited with code 0
2024/05/11 11:17:23 [notice] 1#1: worker process 25 exited with code 0
2024/05/11 11:17:23 [notice] 1#1: worker process 26 exited with code 0
2024/05/11 11:17:23 [notice] 1#1: worker process 27 exited with code 0
2024/05/11 11:17:23 [notice] 1#1: signal 29 (SIGIO) received
2024/05/11 11:17:23 [notice] 1#1: signal 17 (SIGCHLD) received from 26
2024/05/11 11:17:23 [notice] 1#1: signal 17 (SIGCHLD) received from 23
2024/05/11 11:17:23 [notice] 1#1: worker process 23 exited with code 0
2024/05/11 11:17:23 [notice] 1#1: exit
2024/05/11 11:17:24 [notice] 1#1: using the "epoll" event method
2024/05/11 11:17:24 [notice] 1#1: nginx/1.25.4
2024/05/11 11:17:24 [notice] 1#1: built by gcc 12.2.0 (Debian 12.2.0-14) 
2024/05/11 11:17:24 [notice] 1#1: OS: Linux 6.5.11-linuxkit
2024/05/11 11:17:24 [notice] 1#1: getrlimit(RLIMIT_NOFILE): 1048576:1048576
2024/05/11 11:17:24 [notice] 1#1: start worker processes
2024/05/11 11:17:24 [notice] 1#1: start worker process 19
2024/05/11 11:17:24 [notice] 1#1: start worker process 20
2024/05/11 11:17:24 [notice] 1#1: start worker process 21
2024/05/11 11:17:24 [notice] 1#1: start worker process 22
2024/05/11 11:17:24 [notice] 1#1: start worker process 23
2024/05/11 11:17:24 [notice] 1#1: start worker process 24
2024/05/11 11:17:24 [notice] 1#1: start worker process 25
2024/05/11 11:17:24 [notice] 1#1: start worker process 26
2024/05/11 11:19:15 [notice] 1#1: signal 3 (SIGQUIT) received, shutting down
2024/05/11 11:19:15 [notice] 23#23: gracefully shutting down
2024/05/11 11:19:15 [notice] 19#19: gracefully shutting down
2024/05/11 11:19:15 [notice] 22#22: gracefully shutting down
2024/05/11 11:19:15 [notice] 21#21: gracefully shutting down
2024/05/11 11:19:15 [notice] 26#26: gracefully shutting down
2024/05/11 11:19:15 [notice] 25#25: gracefully shutting down
2024/05/11 11:19:15 [notice] 20#20: gracefully shutting down
2024/05/11 11:19:15 [notice] 19#19: exiting
2024/05/11 11:19:15 [notice] 24#24: gracefully shutting down
2024/05/11 11:19:15 [notice] 21#21: exiting
2024/05/11 11:19:15 [notice] 23#23: exiting
2024/05/11 11:19:15 [notice] 22#22: exiting
2024/05/11 11:19:15 [notice] 20#20: exiting
2024/05/11 11:19:15 [notice] 26#26: exiting
2024/05/11 11:19:15 [notice] 25#25: exiting
2024/05/11 11:19:15 [notice] 20#20: exit
2024/05/11 11:19:15 [notice] 22#22: exit
2024/05/11 11:19:15 [notice] 24#24: exiting
2024/05/11 11:19:15 [notice] 19#19: exit
2024/05/11 11:19:15 [notice] 25#25: exit
2024/05/11 11:19:15 [notice] 26#26: exit
2024/05/11 11:19:15 [notice] 23#23: exit
2024/05/11 11:19:15 [notice] 24#24: exit
2024/05/11 11:19:15 [notice] 21#21: exit
2024/05/11 11:19:15 [notice] 1#1: signal 17 (SIGCHLD) received from 21
2024/05/11 11:19:15 [notice] 1#1: worker process 21 exited with code 0
2024/05/11 11:19:15 [notice] 1#1: worker process 25 exited with code 0
2024/05/11 11:19:15 [notice] 1#1: worker process 26 exited with code 0
2024/05/11 11:19:15 [notice] 1#1: signal 29 (SIGIO) received
2024/05/11 11:19:15 [notice] 1#1: signal 17 (SIGCHLD) received from 25
2024/05/11 11:19:15 [notice] 1#1: worker process 24 exited with code 0
2024/05/11 11:19:15 [notice] 1#1: signal 29 (SIGIO) received
2024/05/11 11:19:15 [notice] 1#1: signal 17 (SIGCHLD) received from 23
2024/05/11 11:19:15 [notice] 1#1: worker process 23 exited with code 0
2024/05/11 11:19:15 [notice] 1#1: signal 29 (SIGIO) received
2024/05/11 11:19:15 [notice] 1#1: signal 17 (SIGCHLD) received from 22
2024/05/11 11:19:15 [notice] 1#1: worker process 22 exited with code 0
2024/05/11 11:19:15 [notice] 1#1: signal 29 (SIGIO) received
2024/05/11 11:19:15 [notice] 1#1: signal 17 (SIGCHLD) received from 20
2024/05/11 11:19:15 [notice] 1#1: worker process 20 exited with code 0
2024/05/11 11:19:15 [notice] 1#1: worker process 19 exited with code 0
2024/05/11 11:19:15 [notice] 1#1: signal 17 (SIGCHLD) received from 19
2024/05/11 11:19:15 [notice] 1#1: exit
2024/05/11 11:19:23 [notice] 1#1: using the "epoll" event method
2024/05/11 11:19:23 [notice] 1#1: nginx/1.25.4
2024/05/11 11:19:23 [notice] 1#1: built by gcc 12.2.0 (Debian 12.2.0-14) 
2024/05/11 11:19:23 [notice] 1#1: OS: Linux 6.5.11-linuxkit
2024/05/11 11:19:23 [notice] 1#1: getrlimit(RLIMIT_NOFILE): 1048576:1048576
2024/05/11 11:19:23 [notice] 1#1: start worker processes
2024/05/11 11:19:23 [notice] 1#1: start worker process 20
2024/05/11 11:19:23 [notice] 1#1: start worker process 21
2024/05/11 11:19:23 [notice] 1#1: start worker process 22
2024/05/11 11:19:23 [notice] 1#1: start worker process 23
2024/05/11 11:19:23 [notice] 1#1: start worker process 24
2024/05/11 11:19:23 [notice] 1#1: start worker process 25
2024/05/11 11:19:23 [notice] 1#1: start worker process 26
2024/05/11 11:19:23 [notice] 1#1: start worker process 27
2024/05/12 23:56:17 [notice] 1#1: signal 3 (SIGQUIT) received, shutting down
2024/05/12 23:56:17 [notice] 20#20: gracefully shutting down
2024/05/12 23:56:17 [notice] 24#24: gracefully shutting down
2024/05/12 23:56:17 [notice] 27#27: gracefully shutting down
2024/05/12 23:56:17 [notice] 21#21: gracefully shutting down
2024/05/12 23:56:17 [notice] 22#22: gracefully shutting down
2024/05/12 23:56:17 [notice] 25#25: gracefully shutting down
2024/05/12 23:56:17 [notice] 21#21: exiting
2024/05/12 23:56:17 [notice] 26#26: gracefully shutting down
2024/05/12 23:56:17 [notice] 23#23: gracefully shutting down
2024/05/12 23:56:17 [notice] 20#20: exiting
2024/05/12 23:56:17 [notice] 21#21: exit
2024/05/12 23:56:17 [notice] 23#23: exiting
2024/05/12 23:56:17 [notice] 27#27: exiting
2024/05/12 23:56:17 [notice] 22#22: exiting
2024/05/12 23:56:17 [notice] 25#25: exiting
2024/05/12 23:56:17 [notice] 24#24: exiting
2024/05/12 23:56:17 [notice] 24#24: exit
2024/05/12 23:56:17 [notice] 20#20: exit
2024/05/12 23:56:17 [notice] 26#26: exiting
2024/05/12 23:56:17 [notice] 23#23: exit
2024/05/12 23:56:17 [notice] 27#27: exit
2024/05/12 23:56:17 [notice] 22#22: exit
2024/05/12 23:56:17 [notice] 25#25: exit
2024/05/12 23:56:17 [notice] 26#26: exit
2024/05/13 00:01:04 [notice] 1#1: using the "epoll" event method
2024/05/13 00:01:04 [notice] 1#1: nginx/1.25.4
2024/05/13 00:01:04 [notice] 1#1: built by gcc 12.2.0 (Debian 12.2.0-14) 
2024/05/13 00:01:04 [notice] 1#1: OS: Linux 6.5.11-linuxkit
2024/05/13 00:01:04 [notice] 1#1: getrlimit(RLIMIT_NOFILE): 1048576:1048576
2024/05/13 00:01:04 [notice] 1#1: start worker processes
2024/05/13 00:01:04 [notice] 1#1: start worker process 19
2024/05/13 00:01:04 [notice] 1#1: start worker process 20
2024/05/13 00:01:04 [notice] 1#1: start worker process 21
2024/05/13 00:01:04 [notice] 1#1: start worker process 22
2024/05/13 00:01:04 [notice] 1#1: start worker process 23
2024/05/13 00:01:04 [notice] 1#1: start worker process 24
2024/05/13 00:01:04 [notice] 1#1: start worker process 25
2024/05/13 00:01:04 [notice] 1#1: start worker process 26
2024/05/27 08:39:26 [notice] 1#1: using the "epoll" event method
2024/05/27 08:39:26 [notice] 1#1: nginx/1.25.4
2024/05/27 08:39:26 [notice] 1#1: built by gcc 12.2.0 (Debian 12.2.0-14) 
2024/05/27 08:39:26 [notice] 1#1: OS: Linux 6.5.11-linuxkit
2024/05/27 08:39:26 [notice] 1#1: getrlimit(RLIMIT_NOFILE): 1048576:1048576
2024/05/27 08:39:26 [notice] 1#1: start worker processes
2024/05/27 08:39:26 [notice] 1#1: start worker process 19
2024/05/27 08:39:26 [notice] 1#1: start worker process 20
2024/05/27 08:39:26 [notice] 1#1: start worker process 21
2024/05/27 08:39:26 [notice] 1#1: start worker process 22
2024/05/27 08:39:26 [notice] 1#1: start worker process 23
2024/05/27 08:39:26 [notice] 1#1: start worker process 24
2024/05/27 08:39:26 [notice] 1#1: start worker process 25
2024/05/27 08:39:26 [notice] 1#1: start worker process 26
2024/06/09 18:55:29 [notice] 1#1: signal 3 (SIGQUIT) received, shutting down
2024/06/09 18:55:29 [notice] 21#21: gracefully shutting down
2024/06/09 18:55:29 [notice] 19#19: gracefully shutting down
2024/06/09 18:55:29 [notice] 20#20: gracefully shutting down
2024/06/09 18:55:29 [notice] 24#24: gracefully shutting down
2024/06/09 18:55:29 [notice] 23#23: gracefully shutting down
2024/06/09 18:55:29 [notice] 25#25: gracefully shutting down
2024/06/09 18:55:29 [notice] 26#26: gracefully shutting down
2024/06/09 18:55:29 [notice] 22#22: gracefully shutting down
2024/06/09 18:55:29 [notice] 21#21: exiting
2024/06/09 18:55:29 [notice] 20#20: exiting
2024/06/09 18:55:29 [notice] 19#19: exiting
2024/06/09 18:55:29 [notice] 20#20: exit
2024/06/09 18:55:29 [notice] 24#24: exiting
2024/06/09 18:55:29 [notice] 23#23: exiting
2024/06/09 18:55:29 [notice] 25#25: exiting
2024/06/09 18:55:29 [notice] 23#23: exit
2024/06/09 18:55:29 [notice] 26#26: exiting
2024/06/09 18:55:29 [notice] 22#22: exiting
2024/06/09 18:55:29 [notice] 21#21: exit
2024/06/09 18:55:29 [notice] 22#22: exit
2024/06/09 18:55:29 [notice] 19#19: exit
2024/06/09 18:55:29 [notice] 24#24: exit
2024/06/09 18:55:29 [notice] 25#25: exit
2024/06/09 18:55:29 [notice] 26#26: exit
2024/06/09 18:55:29 [notice] 1#1: signal 17 (SIGCHLD) received from 23
2024/06/09 18:55:29 [notice] 1#1: worker process 19 exited with code 0
2024/06/09 18:55:29 [notice] 1#1: worker process 23 exited with code 0
2024/06/09 18:55:29 [notice] 1#1: signal 29 (SIGIO) received
2024/06/09 18:55:29 [notice] 1#1: signal 17 (SIGCHLD) received from 26
2024/06/09 18:55:29 [notice] 1#1: worker process 25 exited with code 0
2024/06/09 18:55:29 [notice] 1#1: worker process 21 exited with code 0
2024/06/09 18:55:29 [notice] 1#1: worker process 22 exited with code 0
2024/06/09 18:55:29 [notice] 1#1: worker process 20 exited with code 0
2024/06/09 18:55:29 [notice] 1#1: worker process 24 exited with code 0
2024/06/09 18:55:29 [notice] 1#1: worker process 26 exited with code 0
2024/06/09 18:55:29 [notice] 1#1: exit
2024/06/12 15:11:17 [notice] 1#1: using the "epoll" event method
2024/06/12 15:11:17 [notice] 1#1: nginx/1.25.4
2024/06/12 15:11:17 [notice] 1#1: built by gcc 12.2.0 (Debian 12.2.0-14) 
2024/06/12 15:11:17 [notice] 1#1: OS: Linux 6.5.11-linuxkit
2024/06/12 15:11:17 [notice] 1#1: getrlimit(RLIMIT_NOFILE): 1048576:1048576
2024/06/12 15:11:17 [notice] 1#1: start worker processes
2024/06/12 15:11:17 [notice] 1#1: start worker process 20
2024/06/12 15:11:17 [notice] 1#1: start worker process 21
2024/06/12 15:11:17 [notice] 1#1: start worker process 22
2024/06/12 15:11:17 [notice] 1#1: start worker process 23
2024/06/12 15:11:17 [notice] 1#1: start worker process 24
2024/06/12 15:11:17 [notice] 1#1: start worker process 25
2024/06/12 15:11:17 [notice] 1#1: start worker process 26
2024/06/12 15:11:17 [notice] 1#1: start worker process 27
2024/06/12 15:12:38 [notice] 1#1: signal 3 (SIGQUIT) received, shutting down
2024/06/12 15:12:38 [notice] 20#20: gracefully shutting down
2024/06/12 15:12:38 [notice] 22#22: gracefully shutting down
2024/06/12 15:12:38 [notice] 26#26: gracefully shutting down
2024/06/12 15:12:38 [notice] 23#23: gracefully shutting down
2024/06/12 15:12:38 [notice] 25#25: gracefully shutting down
2024/06/12 15:12:38 [notice] 27#27: gracefully shutting down
2024/06/12 15:12:38 [notice] 25#25: exiting
2024/06/12 15:12:38 [notice] 24#24: gracefully shutting down
2024/06/12 15:12:38 [notice] 21#21: gracefully shutting down
2024/06/12 15:12:38 [notice] 20#20: exiting
2024/06/12 15:12:38 [notice] 22#22: exiting
2024/06/12 15:12:38 [notice] 26#26: exiting
2024/06/12 15:12:38 [notice] 23#23: exiting
2024/06/12 15:12:38 [notice] 27#27: exiting
2024/06/12 15:12:38 [notice] 24#24: exiting
2024/06/12 15:12:38 [notice] 25#25: exit
2024/06/12 15:12:38 [notice] 21#21: exiting
2024/06/12 15:12:38 [notice] 20#20: exit
2024/06/12 15:12:38 [notice] 21#21: exit
2024/06/12 15:12:38 [notice] 22#22: exit
2024/06/12 15:12:38 [notice] 26#26: exit
2024/06/12 15:12:38 [notice] 27#27: exit
2024/06/12 15:12:38 [notice] 23#23: exit
2024/06/12 15:12:38 [notice] 24#24: exit
2024/06/12 15:12:38 [notice] 1#1: signal 17 (SIGCHLD) received from 25
2024/06/12 15:12:38 [notice] 1#1: worker process 20 exited with code 0
2024/06/12 15:12:38 [notice] 1#1: worker process 21 exited with code 0
2024/06/12 15:12:38 [notice] 1#1: worker process 25 exited with code 0
2024/06/12 15:12:38 [notice] 1#1: signal 29 (SIGIO) received
2024/06/12 15:12:38 [notice] 1#1: signal 17 (SIGCHLD) received from 26
2024/06/12 15:12:38 [notice] 1#1: worker process 26 exited with code 0
2024/06/12 15:12:38 [notice] 1#1: signal 29 (SIGIO) received
2024/06/12 15:12:38 [notice] 1#1: signal 17 (SIGCHLD) received from 22
2024/06/12 15:12:38 [notice] 1#1: worker process 22 exited with code 0
2024/06/12 15:12:38 [notice] 1#1: worker process 27 exited with code 0
2024/06/12 15:12:38 [notice] 1#1: signal 29 (SIGIO) received
2024/06/12 15:12:38 [notice] 1#1: signal 17 (SIGCHLD) received from 27
2024/06/12 15:12:38 [notice] 1#1: signal 17 (SIGCHLD) received from 23
2024/06/12 15:12:38 [notice] 1#1: worker process 23 exited with code 0
2024/06/12 15:12:38 [notice] 1#1: signal 29 (SIGIO) received
2024/06/12 15:12:38 [notice] 1#1: signal 17 (SIGCHLD) received from 24
2024/06/12 15:12:38 [notice] 1#1: worker process 24 exited with code 0
2024/06/12 15:12:38 [notice] 1#1: exit
2024/06/12 15:12:39 [notice] 1#1: using the "epoll" event method
2024/06/12 15:12:39 [notice] 1#1: nginx/1.25.4
2024/06/12 15:12:39 [notice] 1#1: built by gcc 12.2.0 (Debian 12.2.0-14) 
2024/06/12 15:12:39 [notice] 1#1: OS: Linux 6.5.11-linuxkit
2024/06/12 15:12:39 [notice] 1#1: getrlimit(RLIMIT_NOFILE): 1048576:1048576
2024/06/12 15:12:39 [notice] 1#1: start worker processes
2024/06/12 15:12:39 [notice] 1#1: start worker process 20
2024/06/12 15:12:39 [notice] 1#1: start worker process 21
2024/06/12 15:12:39 [notice] 1#1: start worker process 22
2024/06/12 15:12:39 [notice] 1#1: start worker process 23
2024/06/12 15:12:39 [notice] 1#1: start worker process 24
2024/06/12 15:12:39 [notice] 1#1: start worker process 25
2024/06/12 15:12:39 [notice] 1#1: start worker process 26
2024/06/12 15:12:39 [notice] 1#1: start worker process 27
2025/06/29 20:15:54 [notice] 1#1: signal 3 (SIGQUIT) received, shutting down
2025/06/29 20:15:54 [notice] 24#24: gracefully shutting down
2025/06/29 20:15:54 [notice] 20#20: gracefully shutting down
2025/06/29 20:15:54 [notice] 26#26: gracefully shutting down
2025/06/29 20:15:54 [notice] 23#23: gracefully shutting down
2025/06/29 20:15:54 [notice] 25#25: gracefully shutting down
2025/06/29 20:15:54 [notice] 24#24: exiting
2025/06/29 20:15:54 [notice] 26#26: exiting
2025/06/29 20:15:54 [notice] 25#25: exiting
2025/06/29 20:15:54 [notice] 21#21: gracefully shutting down
2025/06/29 20:15:54 [notice] 22#22: gracefully shutting down
2025/06/29 20:15:54 [notice] 27#27: gracefully shutting down
2025/06/29 20:15:54 [notice] 26#26: exit
2025/06/29 20:15:54 [notice] 24#24: exit
2025/06/29 20:15:54 [notice] 25#25: exit
2025/06/29 20:15:54 [notice] 21#21: exiting
2025/06/29 20:15:54 [notice] 20#20: exiting
2025/06/29 20:15:54 [notice] 20#20: exit
2025/06/29 20:15:54 [notice] 22#22: exiting
2025/06/29 20:15:54 [notice] 23#23: exiting
2025/06/29 20:15:54 [notice] 21#21: exit
2025/06/29 20:15:54 [notice] 23#23: exit
2025/06/29 20:15:54 [notice] 27#27: exiting
2025/06/29 20:15:54 [notice] 22#22: exit
2025/06/29 20:15:54 [notice] 27#27: exit
2025/06/29 20:15:54 [notice] 1#1: signal 17 (SIGCHLD) received from 27
2025/06/29 20:15:54 [notice] 1#1: worker process 21 exited with code 0
2025/06/29 20:15:54 [notice] 1#1: worker process 23 exited with code 0
2025/06/29 20:15:54 [notice] 1#1: worker process 27 exited with code 0
2025/06/29 20:15:54 [notice] 1#1: signal 29 (SIGIO) received
2025/06/29 20:15:54 [notice] 1#1: signal 17 (SIGCHLD) received from 23
2025/06/29 20:15:54 [notice] 1#1: signal 17 (SIGCHLD) received from 24
2025/06/29 20:15:54 [notice] 1#1: worker process 24 exited with code 0
2025/06/29 20:15:54 [notice] 1#1: signal 29 (SIGIO) received
2025/06/29 20:15:54 [notice] 1#1: signal 17 (SIGCHLD) received from 26
2025/06/29 20:15:54 [notice] 1#1: worker process 25 exited with code 0
2025/06/29 20:15:54 [notice] 1#1: worker process 26 exited with code 0
2025/06/29 20:15:54 [notice] 1#1: signal 29 (SIGIO) received
2025/06/29 20:15:54 [notice] 1#1: signal 17 (SIGCHLD) received from 20
2025/06/29 20:15:54 [notice] 1#1: worker process 20 exited with code 0
2025/06/29 20:15:54 [notice] 1#1: signal 29 (SIGIO) received
2025/06/29 20:15:54 [notice] 1#1: signal 17 (SIGCHLD) received from 22
2025/06/29 20:15:54 [notice] 1#1: worker process 22 exited with code 0
2025/06/29 20:15:54 [notice] 1#1: exit
